<?xml version="1.0" encoding="UTF-8"?>
<testng-results ignored="0" total="3" passed="2" failed="1" skipped="0">
  <reporter-output>
  </reporter-output>
  <suite started-at="2021-11-04T02:31:53 AST" name="Default suite" finished-at="2021-11-04T02:32:20 AST" duration-ms="26282">
    <groups>
      <group name="cucumber">
        <method signature="AbstractTestNGCucumberTests.runScenario(cucumber.api.testng.PickleEventWrapper, cucumber.api.testng.CucumberFeatureWrapper)[pri:0, instance:runner.TestNGRunner@5cee5251]" name="runScenario" class="cucumber.api.testng.AbstractTestNGCucumberTests"/>
      </group> <!-- cucumber -->
    </groups>
    <test started-at="2021-11-04T02:31:53 AST" name="Default test" finished-at="2021-11-04T02:32:20 AST" duration-ms="26282">
      <class name="runner.TestNGRunner">
        <test-method is-config="true" signature="setUpClass()[pri:0, instance:runner.TestNGRunner@5cee5251]" started-at="2021-11-04T02:31:54 AST" name="setUpClass" finished-at="2021-11-04T02:31:54 AST" duration-ms="83" status="PASS">
          <reporter-output>
          </reporter-output>
        </test-method> <!-- setUpClass -->
        <test-method is-config="true" signature="beforeMethod()[pri:0, instance:runner.TestNGRunner@5cee5251]" started-at="2021-11-04T02:31:54 AST" name="beforeMethod" finished-at="2021-11-04T02:31:54 AST" duration-ms="1" status="PASS">
          <reporter-output>
          </reporter-output>
        </test-method> <!-- beforeMethod -->
        <test-method signature="runScenario(cucumber.api.testng.PickleEventWrapper, cucumber.api.testng.CucumberFeatureWrapper)[pri:0, instance:runner.TestNGRunner@5cee5251]" started-at="2021-11-04T02:31:54 AST" name="runScenario" description="Runs Cucumber Scenarios" data-provider="scenarios" finished-at="2021-11-04T02:32:06 AST" duration-ms="12140" status="FAIL">
          <params>
            <param index="0">
              <value>
                <![CDATA["Verfiy borrowing amount"]]>
              </value>
            </param>
            <param index="1">
              <value>
                <![CDATA["Verify that Field is required error is appear"]]>
              </value>
            </param>
          </params>
          <exception class="java.lang.AssertionError">
            <message>
              <![CDATA[Amount miss match expected [$508,000] but found [$483,000]]]>
            </message>
            <full-stacktrace>
              <![CDATA[java.lang.AssertionError: Amount miss match expected [$508,000] but found [$483,000]
at org.testng.Assert.fail(Assert.java:99)
at org.testng.Assert.failNotEquals(Assert.java:1037)
at org.testng.Assert.assertEqualsImpl(Assert.java:140)
at org.testng.Assert.assertEquals(Assert.java:122)
at org.testng.Assert.assertEquals(Assert.java:629)
at stepDefinition.TestFeatures.VerifyEstimationAMount(TestFeatures.java:136)
at ✽.borrowing estimate should be $508,000(src/test/resources/testFeatures/Loan Calculator.feature:20)
]]>
            </full-stacktrace>
          </exception> <!-- java.lang.AssertionError -->
          <reporter-output>
          </reporter-output>
        </test-method> <!-- runScenario -->
        <test-method signature="runScenario(cucumber.api.testng.PickleEventWrapper, cucumber.api.testng.CucumberFeatureWrapper)[pri:0, instance:runner.TestNGRunner@5cee5251]" started-at="2021-11-04T02:32:06 AST" name="runScenario" description="Runs Cucumber Scenarios" data-provider="scenarios" finished-at="2021-11-04T02:32:12 AST" duration-ms="6573" status="PASS">
          <params>
            <param index="0">
              <value>
                <![CDATA["Check call Us message"]]>
              </value>
            </param>
            <param index="1">
              <value>
                <![CDATA["Verify that Field is required error is appear"]]>
              </value>
            </param>
          </params>
          <reporter-output>
          </reporter-output>
        </test-method> <!-- runScenario -->
        <test-method signature="runScenario(cucumber.api.testng.PickleEventWrapper, cucumber.api.testng.CucumberFeatureWrapper)[pri:0, instance:runner.TestNGRunner@5cee5251]" started-at="2021-11-04T02:32:12 AST" name="runScenario" description="Runs Cucumber Scenarios" data-provider="scenarios" finished-at="2021-11-04T02:32:19 AST" duration-ms="6761" status="PASS">
          <params>
            <param index="0">
              <value>
                <![CDATA["Verify validation message"]]>
              </value>
            </param>
            <param index="1">
              <value>
                <![CDATA["Verify that Field is required error is appear"]]>
              </value>
            </param>
          </params>
          <reporter-output>
          </reporter-output>
        </test-method> <!-- runScenario -->
        <test-method is-config="true" signature="tearDownClass()[pri:0, instance:runner.TestNGRunner@5cee5251]" started-at="2021-11-04T02:32:19 AST" name="tearDownClass" finished-at="2021-11-04T02:32:20 AST" duration-ms="404" status="PASS">
          <reporter-output>
          </reporter-output>
        </test-method> <!-- tearDownClass -->
        <test-method is-config="true" signature="get()[pri:0, instance:runner.TestNGRunner@5cee5251]" started-at="2021-11-04T02:32:20 AST" name="get" finished-at="2021-11-04T02:32:20 AST" duration-ms="270" status="PASS">
          <reporter-output>
          </reporter-output>
        </test-method> <!-- get -->
      </class> <!-- runner.TestNGRunner -->
    </test> <!-- Default test -->
  </suite> <!-- Default suite -->
</testng-results>
